<?xml version="1.0" encoding="UTF-8"?>
<testsuite name="com.codurance.primeFactors.PrimeFactorsTest" tests="3" skipped="0" failures="0" errors="0" timestamp="2021-09-14T19:43:56" hostname="Toms-MBP-2" time="0.027">
  <properties/>
  <testcase name="of_2Is2()" classname="com.codurance.primeFactors.PrimeFactorsTest" time="0.024"/>
  <testcase name="of_3Is3()" classname="com.codurance.primeFactors.PrimeFactorsTest" time="0.001"/>
  <testcase name="of_1isNone()" classname="com.codurance.primeFactors.PrimeFactorsTest" time="0.001"/>
  <system-out><![CDATA[]]></system-out>
  <system-err><![CDATA[]]></system-err>
</testsuite>
