<?xml version="1.0" encoding="UTF-8"?>
<testsuite name="com.codurance.primeFactors.PrimeFactorsTest" tests="1" skipped="0" failures="0" errors="0" timestamp="2021-09-14T19:40:51" hostname="Toms-MBP-2" time="0.029">
  <properties/>
  <testcase name="of_1isNone()" classname="com.codurance.primeFactors.PrimeFactorsTest" time="0.029"/>
  <system-out><![CDATA[]]></system-out>
  <system-err><![CDATA[]]></system-err>
</testsuite>
